<?xml version="1.0" encoding="UTF-8"?>
<!-- Generated by org.testng.reporters.JUnitXMLReporter -->
<testsuite ignored="0" hostname="DESKTOP-8UU0395" failures="0" tests="4" name="Default test" time="74.715" errors="0" timestamp="2026-01-20T16:19:11 IST">
  <testcase classname="com.selenium.selenium_maven.tests.LoginTest" name="validateLogin" time="0.088"/>
  <testcase classname="com.selenium.selenium_maven.tests.LoginTest" name="validateLogin" time="1.589"/>
  <testcase classname="com.selenium.selenium_maven.tests.LoginTest" name="validateLogin" time="1.637"/>
  <testcase classname="com.selenium.selenium_maven.tests.LoginTest" name="validateLogin" time="1.82"/>
</testsuite> <!-- Default test -->
