<?xml version="1.0" encoding="UTF-8"?>
<!-- Generated by org.testng.reporters.JUnitXMLReporter -->
<testsuite ignored="0" hostname="DESKTOP-8UU0395" failures="0" tests="4" name="Login Tests" time="72.909" errors="0" timestamp="2026-01-13T22:32:13 IST">
  <testcase classname="com.selenium.selenium_maven.tests.LoginTest" name="validateLogin" time="0.067"/>
  <testcase classname="com.selenium.selenium_maven.tests.LoginTest" name="validateLogin" time="1.739"/>
  <testcase classname="com.selenium.selenium_maven.tests.LoginTest" name="validateLogin" time="1.563"/>
  <testcase classname="com.selenium.selenium_maven.tests.LoginTest" name="validateLogin" time="1.574"/>
</testsuite> <!-- Login Tests -->
