<?xml version="1.0" encoding="UTF-8"?>
<!-- Generated by org.testng.reporters.JUnitXMLReporter -->
<testsuite ignored="0" hostname="DESKTOP-8UU0395" failures="0" tests="6" name="UI Tests" time="62.545" errors="0" timestamp="2026-01-22T15:02:54 IST">
  <testcase classname="com.selenium.selenium_maven.tests.SearchTest" name="validateSearchFunctionality" time="2.292"/>
  <testcase classname="com.selenium.selenium_maven.tests.LoginTest" name="validateLogin" time="0.222"/>
  <testcase classname="com.selenium.selenium_maven.tests.EndToEndProductTest" name="E2E_Product_Flow" time="10.592"/>
  <testcase classname="com.selenium.selenium_maven.tests.LoginTest" name="validateLogin" time="2.081"/>
  <testcase classname="com.selenium.selenium_maven.tests.LoginTest" name="validateLogin" time="2.155"/>
  <testcase classname="com.selenium.selenium_maven.tests.LoginTest" name="validateLogin" time="2.051"/>
</testsuite> <!-- UI Tests -->
