<?xml version="1.0" encoding="UTF-8"?>
<!-- Generated by org.testng.reporters.JUnitXMLReporter -->
<testsuite ignored="0" hostname="DESKTOP-8UU0395" failures="0" tests="6" name="UI Tests" time="116.62" errors="0" timestamp="2026-01-20T17:03:30 IST">
  <testcase classname="com.selenium.selenium_maven.tests.LoginTest" name="validateLogin" time="0.116"/>
  <testcase classname="com.selenium.selenium_maven.tests.LoginTest" name="validateLogin" time="1.9"/>
  <testcase classname="com.selenium.selenium_maven.tests.LoginTest" name="validateLogin" time="1.842"/>
  <testcase classname="com.selenium.selenium_maven.tests.LoginTest" name="validateLogin" time="1.78"/>
  <testcase classname="com.selenium.selenium_maven.tests.SearchTest" name="validateSearchFunctionality" time="1.515"/>
  <testcase classname="com.selenium.selenium_maven.tests.EndToEndProductTest" name="E2E_Product_Flow" time="9.004"/>
</testsuite> <!-- UI Tests -->
