<?xml version="1.0" encoding="UTF-8"?>
<!-- Generated by org.testng.reporters.JUnitXMLReporter -->
<testsuite ignored="0" hostname="DESKTOP-8UU0395" failures="0" tests="6" name="UI Tests" time="116.157" errors="0" timestamp="2026-01-20T19:12:43 IST">
  <testcase classname="com.selenium.selenium_maven.tests.LoginTest" name="validateLogin" time="0.088"/>
  <testcase classname="com.selenium.selenium_maven.tests.LoginTest" name="validateLogin" time="1.827"/>
  <testcase classname="com.selenium.selenium_maven.tests.LoginTest" name="validateLogin" time="1.63"/>
  <testcase classname="com.selenium.selenium_maven.tests.LoginTest" name="validateLogin" time="1.656"/>
  <testcase classname="com.selenium.selenium_maven.tests.SearchTest" name="validateSearchFunctionality" time="1.283"/>
  <testcase classname="com.selenium.selenium_maven.tests.EndToEndProductTest" name="E2E_Product_Flow" time="7.465"/>
</testsuite> <!-- UI Tests -->
