<?xml version="1.0" encoding="UTF-8"?>
<!-- Generated by org.testng.reporters.JUnitXMLReporter -->
<testsuite ignored="0" hostname="DESKTOP-8UU0395" failures="0" tests="6" name="UI Tests" time="236.726" errors="0" timestamp="2026-01-21T17:12:51 IST">
  <testcase classname="com.selenium.selenium_maven.tests.LoginTest" name="validateLogin" time="0.156"/>
  <testcase classname="com.selenium.selenium_maven.tests.LoginTest" name="validateLogin" time="4.06"/>
  <testcase classname="com.selenium.selenium_maven.tests.LoginTest" name="validateLogin" time="3.44"/>
  <testcase classname="com.selenium.selenium_maven.tests.LoginTest" name="validateLogin" time="5.072"/>
  <testcase classname="com.selenium.selenium_maven.tests.SearchTest" name="validateSearchFunctionality" time="2.12"/>
  <testcase classname="com.selenium.selenium_maven.tests.EndToEndProductTest" name="E2E_Product_Flow" time="9.717"/>
</testsuite> <!-- UI Tests -->
