<?xml version="1.0" encoding="UTF-8"?>
<testng-results ignored="0" total="4" passed="4" failed="0" skipped="0">
  <reporter-output>
  </reporter-output>
  <suite started-at="2026-01-20T16:17:56 IST" name="Default suite" finished-at="2026-01-20T16:19:11 IST" duration-ms="74715">
    <groups>
    </groups>
    <test started-at="2026-01-20T16:17:56 IST" name="Default test" finished-at="2026-01-20T16:19:11 IST" duration-ms="74715">
      <class name="com.selenium.selenium_maven.tests.LoginTest">
        <test-method is-config="true" signature="generateValidCredentials()[pri:0, instance:com.selenium.selenium_maven.tests.LoginTest@2a5c8d3f]" started-at="2026-01-20T16:17:56 IST" name="generateValidCredentials" finished-at="2026-01-20T16:17:56 IST" duration-ms="26" status="PASS">
          <reporter-output>
          </reporter-output>
        </test-method> <!-- generateValidCredentials -->
        <test-method is-config="true" signature="setUp(java.lang.String)[pri:0, instance:com.selenium.selenium_maven.tests.LoginTest@2a5c8d3f]" started-at="2026-01-20T16:17:57 IST" name="setUp" finished-at="2026-01-20T16:18:14 IST" duration-ms="16925" status="PASS">
          <params>
            <param index="0">
              <value>
                <![CDATA[chrome]]>
              </value>
            </param>
          </params>
          <reporter-output>
          </reporter-output>
        </test-method> <!-- setUp -->
        <test-method is-config="true" signature="initTest()[pri:0, instance:com.selenium.selenium_maven.tests.LoginTest@2a5c8d3f]" started-at="2026-01-20T16:18:14 IST" name="initTest" finished-at="2026-01-20T16:18:19 IST" duration-ms="5529" status="PASS">
          <reporter-output>
          </reporter-output>
        </test-method> <!-- initTest -->
        <test-method signature="validateLogin(java.lang.String,java.lang.String,boolean)[pri:0, instance:com.selenium.selenium_maven.tests.LoginTest@2a5c8d3f]" started-at="2026-01-20T16:18:19 IST" name="validateLogin" data-provider="loginData" finished-at="2026-01-20T16:18:19 IST" duration-ms="88" status="PASS">
          <params>
            <param index="0">
              <value>
                <![CDATA[user1768906076779@test.com]]>
              </value>
            </param>
            <param index="1">
              <value>
                <![CDATA[Pwd@1768906076781]]>
              </value>
            </param>
            <param index="2">
              <value>
                <![CDATA[true]]>
              </value>
            </param>
          </params>
          <reporter-output>
          </reporter-output>
        </test-method> <!-- validateLogin -->
        <test-method is-config="true" signature="tearDown()[pri:0, instance:com.selenium.selenium_maven.tests.LoginTest@2a5c8d3f]" started-at="2026-01-20T16:18:19 IST" name="tearDown" finished-at="2026-01-20T16:18:21 IST" duration-ms="2200" status="PASS">
          <reporter-output>
          </reporter-output>
        </test-method> <!-- tearDown -->
        <test-method is-config="true" signature="setUp(java.lang.String)[pri:0, instance:com.selenium.selenium_maven.tests.LoginTest@2a5c8d3f]" started-at="2026-01-20T16:18:21 IST" name="setUp" finished-at="2026-01-20T16:18:32 IST" duration-ms="10616" status="PASS">
          <params>
            <param index="0">
              <value>
                <![CDATA[chrome]]>
              </value>
            </param>
          </params>
          <reporter-output>
          </reporter-output>
        </test-method> <!-- setUp -->
        <test-method is-config="true" signature="initTest()[pri:0, instance:com.selenium.selenium_maven.tests.LoginTest@2a5c8d3f]" started-at="2026-01-20T16:18:32 IST" name="initTest" finished-at="2026-01-20T16:18:33 IST" duration-ms="1046" status="PASS">
          <reporter-output>
          </reporter-output>
        </test-method> <!-- initTest -->
        <test-method signature="validateLogin(java.lang.String,java.lang.String,boolean)[pri:0, instance:com.selenium.selenium_maven.tests.LoginTest@2a5c8d3f]" started-at="2026-01-20T16:18:33 IST" name="validateLogin" data-provider="loginData" finished-at="2026-01-20T16:18:35 IST" duration-ms="1589" status="PASS">
          <params>
            <param index="0">
              <value>
                <![CDATA[invalid1@test.com]]>
              </value>
            </param>
            <param index="1">
              <value>
                <![CDATA[wrong1]]>
              </value>
            </param>
            <param index="2">
              <value>
                <![CDATA[false]]>
              </value>
            </param>
          </params>
          <reporter-output>
          </reporter-output>
        </test-method> <!-- validateLogin -->
        <test-method is-config="true" signature="tearDown()[pri:0, instance:com.selenium.selenium_maven.tests.LoginTest@2a5c8d3f]" started-at="2026-01-20T16:18:35 IST" name="tearDown" finished-at="2026-01-20T16:18:37 IST" duration-ms="1898" status="PASS">
          <reporter-output>
          </reporter-output>
        </test-method> <!-- tearDown -->
        <test-method is-config="true" signature="setUp(java.lang.String)[pri:0, instance:com.selenium.selenium_maven.tests.LoginTest@2a5c8d3f]" started-at="2026-01-20T16:18:37 IST" name="setUp" finished-at="2026-01-20T16:18:47 IST" duration-ms="10176" status="PASS">
          <params>
            <param index="0">
              <value>
                <![CDATA[chrome]]>
              </value>
            </param>
          </params>
          <reporter-output>
          </reporter-output>
        </test-method> <!-- setUp -->
        <test-method is-config="true" signature="initTest()[pri:0, instance:com.selenium.selenium_maven.tests.LoginTest@2a5c8d3f]" started-at="2026-01-20T16:18:47 IST" name="initTest" finished-at="2026-01-20T16:18:48 IST" duration-ms="1052" status="PASS">
          <reporter-output>
          </reporter-output>
        </test-method> <!-- initTest -->
        <test-method signature="validateLogin(java.lang.String,java.lang.String,boolean)[pri:0, instance:com.selenium.selenium_maven.tests.LoginTest@2a5c8d3f]" started-at="2026-01-20T16:18:48 IST" name="validateLogin" data-provider="loginData" finished-at="2026-01-20T16:18:50 IST" duration-ms="1637" status="PASS">
          <params>
            <param index="0">
              <value>
                <![CDATA[invalid2@test.com]]>
              </value>
            </param>
            <param index="1">
              <value>
                <![CDATA[wrong2]]>
              </value>
            </param>
            <param index="2">
              <value>
                <![CDATA[false]]>
              </value>
            </param>
          </params>
          <reporter-output>
          </reporter-output>
        </test-method> <!-- validateLogin -->
        <test-method is-config="true" signature="tearDown()[pri:0, instance:com.selenium.selenium_maven.tests.LoginTest@2a5c8d3f]" started-at="2026-01-20T16:18:50 IST" name="tearDown" finished-at="2026-01-20T16:18:52 IST" duration-ms="2444" status="PASS">
          <reporter-output>
          </reporter-output>
        </test-method> <!-- tearDown -->
        <test-method is-config="true" signature="setUp(java.lang.String)[pri:0, instance:com.selenium.selenium_maven.tests.LoginTest@2a5c8d3f]" started-at="2026-01-20T16:18:52 IST" name="setUp" finished-at="2026-01-20T16:19:05 IST" duration-ms="12708" status="PASS">
          <params>
            <param index="0">
              <value>
                <![CDATA[chrome]]>
              </value>
            </param>
          </params>
          <reporter-output>
          </reporter-output>
        </test-method> <!-- setUp -->
        <test-method is-config="true" signature="initTest()[pri:0, instance:com.selenium.selenium_maven.tests.LoginTest@2a5c8d3f]" started-at="2026-01-20T16:19:05 IST" name="initTest" finished-at="2026-01-20T16:19:06 IST" duration-ms="1148" status="PASS">
          <reporter-output>
          </reporter-output>
        </test-method> <!-- initTest -->
        <test-method signature="validateLogin(java.lang.String,java.lang.String,boolean)[pri:0, instance:com.selenium.selenium_maven.tests.LoginTest@2a5c8d3f]" started-at="2026-01-20T16:19:06 IST" name="validateLogin" data-provider="loginData" finished-at="2026-01-20T16:19:08 IST" duration-ms="1820" status="PASS">
          <params>
            <param index="0">
              <value>
                <![CDATA[]]>
              </value>
            </param>
            <param index="1">
              <value>
                <![CDATA[]]>
              </value>
            </param>
            <param index="2">
              <value>
                <![CDATA[false]]>
              </value>
            </param>
          </params>
          <reporter-output>
          </reporter-output>
        </test-method> <!-- validateLogin -->
        <test-method is-config="true" signature="tearDown()[pri:0, instance:com.selenium.selenium_maven.tests.LoginTest@2a5c8d3f]" started-at="2026-01-20T16:19:08 IST" name="tearDown" finished-at="2026-01-20T16:19:10 IST" duration-ms="2577" status="PASS">
          <reporter-output>
          </reporter-output>
        </test-method> <!-- tearDown -->
        <test-method is-config="true" signature="flushReport()[pri:0, instance:com.selenium.selenium_maven.tests.LoginTest@2a5c8d3f]" started-at="2026-01-20T16:19:10 IST" name="flushReport" finished-at="2026-01-20T16:19:11 IST" duration-ms="686" status="PASS">
          <reporter-output>
          </reporter-output>
        </test-method> <!-- flushReport -->
      </class> <!-- com.selenium.selenium_maven.tests.LoginTest -->
    </test> <!-- Default test -->
  </suite> <!-- Default suite -->
</testng-results>
