<?xml version="1.0" encoding="UTF-8"?>
<testng-results ignored="0" total="6" passed="6" failed="0" skipped="0">
  <reporter-output>
  </reporter-output>
  <suite started-at="2026-01-22T15:01:52 IST" name="Automation Suite" finished-at="2026-01-22T15:02:54 IST" duration-ms="62545">
    <groups>
    </groups>
    <test started-at="2026-01-22T15:01:52 IST" name="UI Tests" finished-at="2026-01-22T15:02:54 IST" duration-ms="62545">
      <class name="com.selenium.selenium_maven.tests.LoginTest">
        <test-method is-config="true" signature="generateValidCredentials()[pri:0, instance:com.selenium.selenium_maven.tests.LoginTest@2362f559]" started-at="2026-01-22T15:01:52 IST" name="generateValidCredentials" finished-at="2026-01-22T15:01:52 IST" duration-ms="20" status="PASS">
          <reporter-output>
          </reporter-output>
        </test-method> <!-- generateValidCredentials -->
        <test-method is-config="true" signature="setUp(java.lang.String)[pri:0, instance:com.selenium.selenium_maven.tests.LoginTest@2362f559]" started-at="2026-01-22T15:01:52 IST" name="setUp" finished-at="2026-01-22T15:02:05 IST" duration-ms="12967" status="PASS">
          <params>
            <param index="0">
              <value>
                <![CDATA[chrome]]>
              </value>
            </param>
          </params>
          <reporter-output>
          </reporter-output>
        </test-method> <!-- setUp -->
        <test-method is-config="true" signature="initTest()[pri:0, instance:com.selenium.selenium_maven.tests.LoginTest@2362f559]" started-at="2026-01-22T15:02:05 IST" name="initTest" finished-at="2026-01-22T15:02:18 IST" duration-ms="13018" status="PASS">
          <reporter-output>
          </reporter-output>
        </test-method> <!-- initTest -->
        <test-method signature="validateLogin(java.lang.String,java.lang.String,boolean)[pri:0, instance:com.selenium.selenium_maven.tests.LoginTest@2362f559]" started-at="2026-01-22T15:02:18 IST" name="validateLogin" data-provider="loginData" finished-at="2026-01-22T15:02:19 IST" duration-ms="222" status="PASS">
          <params>
            <param index="0">
              <value>
                <![CDATA[user1769074312279@test.com]]>
              </value>
            </param>
            <param index="1">
              <value>
                <![CDATA[Pwd@1769074312281]]>
              </value>
            </param>
            <param index="2">
              <value>
                <![CDATA[true]]>
              </value>
            </param>
          </params>
          <reporter-output>
          </reporter-output>
        </test-method> <!-- validateLogin -->
        <test-method is-config="true" signature="tearDown()[pri:0, instance:com.selenium.selenium_maven.tests.LoginTest@2362f559]" started-at="2026-01-22T15:02:19 IST" name="tearDown" finished-at="2026-01-22T15:02:21 IST" duration-ms="1972" status="PASS">
          <reporter-output>
          </reporter-output>
        </test-method> <!-- tearDown -->
        <test-method is-config="true" signature="setUp(java.lang.String)[pri:0, instance:com.selenium.selenium_maven.tests.LoginTest@2362f559]" started-at="2026-01-22T15:02:21 IST" name="setUp" finished-at="2026-01-22T15:02:28 IST" duration-ms="7369" status="PASS">
          <params>
            <param index="0">
              <value>
                <![CDATA[chrome]]>
              </value>
            </param>
          </params>
          <reporter-output>
          </reporter-output>
        </test-method> <!-- setUp -->
        <test-method is-config="true" signature="initTest()[pri:0, instance:com.selenium.selenium_maven.tests.LoginTest@2362f559]" started-at="2026-01-22T15:02:28 IST" name="initTest" finished-at="2026-01-22T15:02:29 IST" duration-ms="1226" status="PASS">
          <reporter-output>
          </reporter-output>
        </test-method> <!-- initTest -->
        <test-method signature="validateLogin(java.lang.String,java.lang.String,boolean)[pri:0, instance:com.selenium.selenium_maven.tests.LoginTest@2362f559]" started-at="2026-01-22T15:02:29 IST" name="validateLogin" data-provider="loginData" finished-at="2026-01-22T15:02:31 IST" duration-ms="2081" status="PASS">
          <params>
            <param index="0">
              <value>
                <![CDATA[invalid1@test.com]]>
              </value>
            </param>
            <param index="1">
              <value>
                <![CDATA[wrong1]]>
              </value>
            </param>
            <param index="2">
              <value>
                <![CDATA[false]]>
              </value>
            </param>
          </params>
          <reporter-output>
          </reporter-output>
        </test-method> <!-- validateLogin -->
        <test-method is-config="true" signature="tearDown()[pri:0, instance:com.selenium.selenium_maven.tests.LoginTest@2362f559]" started-at="2026-01-22T15:02:31 IST" name="tearDown" finished-at="2026-01-22T15:02:32 IST" duration-ms="445" status="PASS">
          <reporter-output>
          </reporter-output>
        </test-method> <!-- tearDown -->
        <test-method is-config="true" signature="setUp(java.lang.String)[pri:0, instance:com.selenium.selenium_maven.tests.LoginTest@2362f559]" started-at="2026-01-22T15:02:32 IST" name="setUp" finished-at="2026-01-22T15:02:40 IST" duration-ms="8038" status="PASS">
          <params>
            <param index="0">
              <value>
                <![CDATA[chrome]]>
              </value>
            </param>
          </params>
          <reporter-output>
          </reporter-output>
        </test-method> <!-- setUp -->
        <test-method is-config="true" signature="initTest()[pri:0, instance:com.selenium.selenium_maven.tests.LoginTest@2362f559]" started-at="2026-01-22T15:02:40 IST" name="initTest" finished-at="2026-01-22T15:02:41 IST" duration-ms="1497" status="PASS">
          <reporter-output>
          </reporter-output>
        </test-method> <!-- initTest -->
        <test-method signature="validateLogin(java.lang.String,java.lang.String,boolean)[pri:0, instance:com.selenium.selenium_maven.tests.LoginTest@2362f559]" started-at="2026-01-22T15:02:41 IST" name="validateLogin" data-provider="loginData" finished-at="2026-01-22T15:02:43 IST" duration-ms="2155" status="PASS">
          <params>
            <param index="0">
              <value>
                <![CDATA[invalid2@test.com]]>
              </value>
            </param>
            <param index="1">
              <value>
                <![CDATA[wrong2]]>
              </value>
            </param>
            <param index="2">
              <value>
                <![CDATA[false]]>
              </value>
            </param>
          </params>
          <reporter-output>
          </reporter-output>
        </test-method> <!-- validateLogin -->
        <test-method is-config="true" signature="tearDown()[pri:0, instance:com.selenium.selenium_maven.tests.LoginTest@2362f559]" started-at="2026-01-22T15:02:43 IST" name="tearDown" finished-at="2026-01-22T15:02:44 IST" duration-ms="375" status="PASS">
          <reporter-output>
          </reporter-output>
        </test-method> <!-- tearDown -->
        <test-method is-config="true" signature="setUp(java.lang.String)[pri:0, instance:com.selenium.selenium_maven.tests.LoginTest@2362f559]" started-at="2026-01-22T15:02:44 IST" name="setUp" finished-at="2026-01-22T15:02:51 IST" duration-ms="7029" status="PASS">
          <params>
            <param index="0">
              <value>
                <![CDATA[chrome]]>
              </value>
            </param>
          </params>
          <reporter-output>
          </reporter-output>
        </test-method> <!-- setUp -->
        <test-method is-config="true" signature="initTest()[pri:0, instance:com.selenium.selenium_maven.tests.LoginTest@2362f559]" started-at="2026-01-22T15:02:51 IST" name="initTest" finished-at="2026-01-22T15:02:52 IST" duration-ms="949" status="PASS">
          <reporter-output>
          </reporter-output>
        </test-method> <!-- initTest -->
        <test-method signature="validateLogin(java.lang.String,java.lang.String,boolean)[pri:0, instance:com.selenium.selenium_maven.tests.LoginTest@2362f559]" started-at="2026-01-22T15:02:52 IST" name="validateLogin" data-provider="loginData" finished-at="2026-01-22T15:02:54 IST" duration-ms="2051" status="PASS">
          <params>
            <param index="0">
              <value>
                <![CDATA[]]>
              </value>
            </param>
            <param index="1">
              <value>
                <![CDATA[]]>
              </value>
            </param>
            <param index="2">
              <value>
                <![CDATA[false]]>
              </value>
            </param>
          </params>
          <reporter-output>
          </reporter-output>
        </test-method> <!-- validateLogin -->
        <test-method is-config="true" signature="tearDown()[pri:0, instance:com.selenium.selenium_maven.tests.LoginTest@2362f559]" started-at="2026-01-22T15:02:54 IST" name="tearDown" finished-at="2026-01-22T15:02:54 IST" duration-ms="362" status="PASS">
          <reporter-output>
          </reporter-output>
        </test-method> <!-- tearDown -->
        <test-method is-config="true" signature="flushReport()[pri:0, instance:com.selenium.selenium_maven.tests.LoginTest@2362f559]" started-at="2026-01-22T15:02:54 IST" name="flushReport" finished-at="2026-01-22T15:02:54 IST" duration-ms="51" status="PASS">
          <reporter-output>
          </reporter-output>
        </test-method> <!-- flushReport -->
      </class> <!-- com.selenium.selenium_maven.tests.LoginTest -->
      <class name="com.selenium.selenium_maven.tests.EndToEndProductTest">
        <test-method is-config="true" signature="setUp(java.lang.String)[pri:0, instance:com.selenium.selenium_maven.tests.EndToEndProductTest@17f7cd29]" started-at="2026-01-22T15:02:09 IST" name="setUp" finished-at="2026-01-22T15:02:18 IST" duration-ms="9435" status="PASS">
          <params>
            <param index="0">
              <value>
                <![CDATA[chrome]]>
              </value>
            </param>
          </params>
          <reporter-output>
          </reporter-output>
        </test-method> <!-- setUp -->
        <test-method signature="E2E_Product_Flow()[pri:0, instance:com.selenium.selenium_maven.tests.EndToEndProductTest@17f7cd29]" started-at="2026-01-22T15:02:18 IST" name="E2E_Product_Flow" finished-at="2026-01-22T15:02:29 IST" duration-ms="10592" status="PASS">
          <reporter-output>
          </reporter-output>
        </test-method> <!-- E2E_Product_Flow -->
        <test-method is-config="true" signature="tearDown()[pri:0, instance:com.selenium.selenium_maven.tests.EndToEndProductTest@17f7cd29]" started-at="2026-01-22T15:02:29 IST" name="tearDown" finished-at="2026-01-22T15:02:30 IST" duration-ms="850" status="PASS">
          <reporter-output>
          </reporter-output>
        </test-method> <!-- tearDown -->
        <test-method is-config="true" signature="flushReport()[pri:0, instance:com.selenium.selenium_maven.tests.EndToEndProductTest@17f7cd29]" started-at="2026-01-22T15:02:30 IST" name="flushReport" finished-at="2026-01-22T15:02:31 IST" duration-ms="1032" status="PASS">
          <reporter-output>
          </reporter-output>
        </test-method> <!-- flushReport -->
      </class> <!-- com.selenium.selenium_maven.tests.EndToEndProductTest -->
      <class name="com.selenium.selenium_maven.tests.SearchTest">
        <test-method is-config="true" signature="setUp()[pri:0, instance:com.selenium.selenium_maven.tests.SearchTest@609cd4d8]" started-at="2026-01-22T15:01:52 IST" name="setUp" finished-at="2026-01-22T15:02:05 IST" duration-ms="13259" status="PASS">
          <reporter-output>
          </reporter-output>
        </test-method> <!-- setUp -->
        <test-method signature="validateSearchFunctionality()[pri:0, instance:com.selenium.selenium_maven.tests.SearchTest@609cd4d8]" started-at="2026-01-22T15:02:05 IST" name="validateSearchFunctionality" finished-at="2026-01-22T15:02:07 IST" duration-ms="2292" status="PASS">
          <reporter-output>
          </reporter-output>
        </test-method> <!-- validateSearchFunctionality -->
        <test-method is-config="true" signature="tearDown()[pri:0, instance:com.selenium.selenium_maven.tests.SearchTest@609cd4d8]" started-at="2026-01-22T15:02:07 IST" name="tearDown" finished-at="2026-01-22T15:02:09 IST" duration-ms="1706" status="PASS">
          <reporter-output>
          </reporter-output>
        </test-method> <!-- tearDown -->
      </class> <!-- com.selenium.selenium_maven.tests.SearchTest -->
    </test> <!-- UI Tests -->
  </suite> <!-- Automation Suite -->
</testng-results>
