<?xml version="1.0" encoding="UTF-8"?>
<testng-results ignored="0" total="6" passed="6" failed="0" skipped="0">
  <reporter-output>
  </reporter-output>
  <suite started-at="2026-01-21T17:08:54 IST" name="Automation Suite" finished-at="2026-01-21T17:12:51 IST" duration-ms="236726">
    <groups>
    </groups>
    <test started-at="2026-01-21T17:08:54 IST" name="UI Tests" finished-at="2026-01-21T17:12:51 IST" duration-ms="236726">
      <class name="com.selenium.selenium_maven.tests.LoginTest">
        <test-method is-config="true" signature="generateValidCredentials()[pri:0, instance:com.selenium.selenium_maven.tests.LoginTest@8297b3a]" started-at="2026-01-21T17:08:54 IST" name="generateValidCredentials" finished-at="2026-01-21T17:08:54 IST" duration-ms="25" status="PASS">
          <reporter-output>
          </reporter-output>
        </test-method> <!-- generateValidCredentials -->
        <test-method is-config="true" signature="setUp(java.lang.String)[pri:0, instance:com.selenium.selenium_maven.tests.LoginTest@8297b3a]" started-at="2026-01-21T17:08:55 IST" name="setUp" finished-at="2026-01-21T17:09:55 IST" duration-ms="60028" status="PASS">
          <params>
            <param index="0">
              <value>
                <![CDATA[chrome]]>
              </value>
            </param>
          </params>
          <reporter-output>
          </reporter-output>
        </test-method> <!-- setUp -->
        <test-method is-config="true" signature="initTest()[pri:0, instance:com.selenium.selenium_maven.tests.LoginTest@8297b3a]" started-at="2026-01-21T17:09:55 IST" name="initTest" finished-at="2026-01-21T17:10:01 IST" duration-ms="6421" status="PASS">
          <reporter-output>
          </reporter-output>
        </test-method> <!-- initTest -->
        <test-method signature="validateLogin(java.lang.String,java.lang.String,boolean)[pri:0, instance:com.selenium.selenium_maven.tests.LoginTest@8297b3a]" started-at="2026-01-21T17:10:01 IST" name="validateLogin" data-provider="loginData" finished-at="2026-01-21T17:10:01 IST" duration-ms="156" status="PASS">
          <params>
            <param index="0">
              <value>
                <![CDATA[user1768995534451@test.com]]>
              </value>
            </param>
            <param index="1">
              <value>
                <![CDATA[Pwd@1768995534454]]>
              </value>
            </param>
            <param index="2">
              <value>
                <![CDATA[true]]>
              </value>
            </param>
          </params>
          <reporter-output>
          </reporter-output>
        </test-method> <!-- validateLogin -->
        <test-method is-config="true" signature="tearDown()[pri:0, instance:com.selenium.selenium_maven.tests.LoginTest@8297b3a]" started-at="2026-01-21T17:10:01 IST" name="tearDown" finished-at="2026-01-21T17:10:02 IST" duration-ms="474" status="PASS">
          <reporter-output>
          </reporter-output>
        </test-method> <!-- tearDown -->
        <test-method is-config="true" signature="setUp(java.lang.String)[pri:0, instance:com.selenium.selenium_maven.tests.LoginTest@8297b3a]" started-at="2026-01-21T17:10:02 IST" name="setUp" finished-at="2026-01-21T17:10:35 IST" duration-ms="33775" status="PASS">
          <params>
            <param index="0">
              <value>
                <![CDATA[chrome]]>
              </value>
            </param>
          </params>
          <reporter-output>
          </reporter-output>
        </test-method> <!-- setUp -->
        <test-method is-config="true" signature="initTest()[pri:0, instance:com.selenium.selenium_maven.tests.LoginTest@8297b3a]" started-at="2026-01-21T17:10:35 IST" name="initTest" finished-at="2026-01-21T17:10:48 IST" duration-ms="12914" status="PASS">
          <reporter-output>
          </reporter-output>
        </test-method> <!-- initTest -->
        <test-method signature="validateLogin(java.lang.String,java.lang.String,boolean)[pri:0, instance:com.selenium.selenium_maven.tests.LoginTest@8297b3a]" started-at="2026-01-21T17:10:48 IST" name="validateLogin" data-provider="loginData" finished-at="2026-01-21T17:10:52 IST" duration-ms="4060" status="PASS">
          <params>
            <param index="0">
              <value>
                <![CDATA[invalid1@test.com]]>
              </value>
            </param>
            <param index="1">
              <value>
                <![CDATA[wrong1]]>
              </value>
            </param>
            <param index="2">
              <value>
                <![CDATA[false]]>
              </value>
            </param>
          </params>
          <reporter-output>
          </reporter-output>
        </test-method> <!-- validateLogin -->
        <test-method is-config="true" signature="tearDown()[pri:0, instance:com.selenium.selenium_maven.tests.LoginTest@8297b3a]" started-at="2026-01-21T17:10:52 IST" name="tearDown" finished-at="2026-01-21T17:10:53 IST" duration-ms="333" status="PASS">
          <reporter-output>
          </reporter-output>
        </test-method> <!-- tearDown -->
        <test-method is-config="true" signature="setUp(java.lang.String)[pri:0, instance:com.selenium.selenium_maven.tests.LoginTest@8297b3a]" started-at="2026-01-21T17:10:53 IST" name="setUp" finished-at="2026-01-21T17:10:58 IST" duration-ms="5421" status="PASS">
          <params>
            <param index="0">
              <value>
                <![CDATA[chrome]]>
              </value>
            </param>
          </params>
          <reporter-output>
          </reporter-output>
        </test-method> <!-- setUp -->
        <test-method is-config="true" signature="initTest()[pri:0, instance:com.selenium.selenium_maven.tests.LoginTest@8297b3a]" started-at="2026-01-21T17:10:58 IST" name="initTest" finished-at="2026-01-21T17:11:15 IST" duration-ms="16856" status="PASS">
          <reporter-output>
          </reporter-output>
        </test-method> <!-- initTest -->
        <test-method signature="validateLogin(java.lang.String,java.lang.String,boolean)[pri:0, instance:com.selenium.selenium_maven.tests.LoginTest@8297b3a]" started-at="2026-01-21T17:11:15 IST" name="validateLogin" data-provider="loginData" finished-at="2026-01-21T17:11:18 IST" duration-ms="3440" status="PASS">
          <params>
            <param index="0">
              <value>
                <![CDATA[invalid2@test.com]]>
              </value>
            </param>
            <param index="1">
              <value>
                <![CDATA[wrong2]]>
              </value>
            </param>
            <param index="2">
              <value>
                <![CDATA[false]]>
              </value>
            </param>
          </params>
          <reporter-output>
          </reporter-output>
        </test-method> <!-- validateLogin -->
        <test-method is-config="true" signature="tearDown()[pri:0, instance:com.selenium.selenium_maven.tests.LoginTest@8297b3a]" started-at="2026-01-21T17:11:18 IST" name="tearDown" finished-at="2026-01-21T17:11:19 IST" duration-ms="333" status="PASS">
          <reporter-output>
          </reporter-output>
        </test-method> <!-- tearDown -->
        <test-method is-config="true" signature="setUp(java.lang.String)[pri:0, instance:com.selenium.selenium_maven.tests.LoginTest@8297b3a]" started-at="2026-01-21T17:11:19 IST" name="setUp" finished-at="2026-01-21T17:12:01 IST" duration-ms="41835" status="PASS">
          <params>
            <param index="0">
              <value>
                <![CDATA[chrome]]>
              </value>
            </param>
          </params>
          <reporter-output>
          </reporter-output>
        </test-method> <!-- setUp -->
        <test-method is-config="true" signature="initTest()[pri:0, instance:com.selenium.selenium_maven.tests.LoginTest@8297b3a]" started-at="2026-01-21T17:12:01 IST" name="initTest" finished-at="2026-01-21T17:12:05 IST" duration-ms="4422" status="PASS">
          <reporter-output>
          </reporter-output>
        </test-method> <!-- initTest -->
        <test-method signature="validateLogin(java.lang.String,java.lang.String,boolean)[pri:0, instance:com.selenium.selenium_maven.tests.LoginTest@8297b3a]" started-at="2026-01-21T17:12:05 IST" name="validateLogin" data-provider="loginData" finished-at="2026-01-21T17:12:10 IST" duration-ms="5072" status="PASS">
          <params>
            <param index="0">
              <value>
                <![CDATA[]]>
              </value>
            </param>
            <param index="1">
              <value>
                <![CDATA[]]>
              </value>
            </param>
            <param index="2">
              <value>
                <![CDATA[false]]>
              </value>
            </param>
          </params>
          <reporter-output>
          </reporter-output>
        </test-method> <!-- validateLogin -->
        <test-method is-config="true" signature="tearDown()[pri:0, instance:com.selenium.selenium_maven.tests.LoginTest@8297b3a]" started-at="2026-01-21T17:12:10 IST" name="tearDown" finished-at="2026-01-21T17:12:10 IST" duration-ms="361" status="PASS">
          <reporter-output>
          </reporter-output>
        </test-method> <!-- tearDown -->
        <test-method is-config="true" signature="flushReport()[pri:0, instance:com.selenium.selenium_maven.tests.LoginTest@8297b3a]" started-at="2026-01-21T17:12:10 IST" name="flushReport" finished-at="2026-01-21T17:12:11 IST" duration-ms="446" status="PASS">
          <reporter-output>
          </reporter-output>
        </test-method> <!-- flushReport -->
      </class> <!-- com.selenium.selenium_maven.tests.LoginTest -->
      <class name="com.selenium.selenium_maven.tests.EndToEndProductTest">
        <test-method is-config="true" signature="setUp(java.lang.String)[pri:0, instance:com.selenium.selenium_maven.tests.EndToEndProductTest@bccb269]" started-at="2026-01-21T17:12:29 IST" name="setUp" finished-at="2026-01-21T17:12:40 IST" duration-ms="11053" status="PASS">
          <params>
            <param index="0">
              <value>
                <![CDATA[chrome]]>
              </value>
            </param>
          </params>
          <reporter-output>
          </reporter-output>
        </test-method> <!-- setUp -->
        <test-method signature="E2E_Product_Flow()[pri:0, instance:com.selenium.selenium_maven.tests.EndToEndProductTest@bccb269]" started-at="2026-01-21T17:12:40 IST" name="E2E_Product_Flow" finished-at="2026-01-21T17:12:50 IST" duration-ms="9717" status="PASS">
          <reporter-output>
          </reporter-output>
        </test-method> <!-- E2E_Product_Flow -->
        <test-method is-config="true" signature="tearDown()[pri:0, instance:com.selenium.selenium_maven.tests.EndToEndProductTest@bccb269]" started-at="2026-01-21T17:12:50 IST" name="tearDown" finished-at="2026-01-21T17:12:51 IST" duration-ms="472" status="PASS">
          <reporter-output>
          </reporter-output>
        </test-method> <!-- tearDown -->
        <test-method is-config="true" signature="flushReport()[pri:0, instance:com.selenium.selenium_maven.tests.EndToEndProductTest@bccb269]" started-at="2026-01-21T17:12:51 IST" name="flushReport" finished-at="2026-01-21T17:12:51 IST" duration-ms="81" status="PASS">
          <reporter-output>
          </reporter-output>
        </test-method> <!-- flushReport -->
      </class> <!-- com.selenium.selenium_maven.tests.EndToEndProductTest -->
      <class name="com.selenium.selenium_maven.tests.SearchTest">
        <test-method is-config="true" signature="setUp()[pri:0, instance:com.selenium.selenium_maven.tests.SearchTest@66d18979]" started-at="2026-01-21T17:12:11 IST" name="setUp" finished-at="2026-01-21T17:12:27 IST" duration-ms="15741" status="PASS">
          <reporter-output>
          </reporter-output>
        </test-method> <!-- setUp -->
        <test-method signature="validateSearchFunctionality()[pri:0, instance:com.selenium.selenium_maven.tests.SearchTest@66d18979]" started-at="2026-01-21T17:12:27 IST" name="validateSearchFunctionality" finished-at="2026-01-21T17:12:29 IST" duration-ms="2120" status="PASS">
          <reporter-output>
          </reporter-output>
        </test-method> <!-- validateSearchFunctionality -->
        <test-method is-config="true" signature="tearDown()[pri:0, instance:com.selenium.selenium_maven.tests.SearchTest@66d18979]" started-at="2026-01-21T17:12:29 IST" name="tearDown" finished-at="2026-01-21T17:12:29 IST" duration-ms="465" status="PASS">
          <reporter-output>
          </reporter-output>
        </test-method> <!-- tearDown -->
      </class> <!-- com.selenium.selenium_maven.tests.SearchTest -->
    </test> <!-- UI Tests -->
  </suite> <!-- Automation Suite -->
</testng-results>
