<?xml version="1.0" encoding="UTF-8"?>
<testng-results ignored="0" total="6" passed="6" failed="0" skipped="0">
  <reporter-output>
  </reporter-output>
  <suite started-at="2026-01-20T19:10:47 IST" name="Automation Suite" finished-at="2026-01-20T19:12:43 IST" duration-ms="116157">
    <groups>
    </groups>
    <test started-at="2026-01-20T19:10:47 IST" name="UI Tests" finished-at="2026-01-20T19:12:43 IST" duration-ms="116157">
      <class name="com.selenium.selenium_maven.tests.LoginTest">
        <test-method is-config="true" signature="generateValidCredentials()[pri:0, instance:com.selenium.selenium_maven.tests.LoginTest@7817fd62]" started-at="2026-01-20T19:10:47 IST" name="generateValidCredentials" finished-at="2026-01-20T19:10:47 IST" duration-ms="28" status="PASS">
          <reporter-output>
          </reporter-output>
        </test-method> <!-- generateValidCredentials -->
        <test-method is-config="true" signature="setUp(java.lang.String)[pri:0, instance:com.selenium.selenium_maven.tests.LoginTest@7817fd62]" started-at="2026-01-20T19:10:48 IST" name="setUp" finished-at="2026-01-20T19:11:07 IST" duration-ms="19784" status="PASS">
          <params>
            <param index="0">
              <value>
                <![CDATA[chrome]]>
              </value>
            </param>
          </params>
          <reporter-output>
          </reporter-output>
        </test-method> <!-- setUp -->
        <test-method is-config="true" signature="initTest()[pri:0, instance:com.selenium.selenium_maven.tests.LoginTest@7817fd62]" started-at="2026-01-20T19:11:07 IST" name="initTest" finished-at="2026-01-20T19:11:13 IST" duration-ms="6126" status="PASS">
          <reporter-output>
          </reporter-output>
        </test-method> <!-- initTest -->
        <test-method signature="validateLogin(java.lang.String,java.lang.String,boolean)[pri:0, instance:com.selenium.selenium_maven.tests.LoginTest@7817fd62]" started-at="2026-01-20T19:11:13 IST" name="validateLogin" data-provider="loginData" finished-at="2026-01-20T19:11:14 IST" duration-ms="88" status="PASS">
          <params>
            <param index="0">
              <value>
                <![CDATA[user1768916447581@test.com]]>
              </value>
            </param>
            <param index="1">
              <value>
                <![CDATA[Pwd@1768916447583]]>
              </value>
            </param>
            <param index="2">
              <value>
                <![CDATA[true]]>
              </value>
            </param>
          </params>
          <reporter-output>
          </reporter-output>
        </test-method> <!-- validateLogin -->
        <test-method is-config="true" signature="tearDown()[pri:0, instance:com.selenium.selenium_maven.tests.LoginTest@7817fd62]" started-at="2026-01-20T19:11:14 IST" name="tearDown" finished-at="2026-01-20T19:11:16 IST" duration-ms="1933" status="PASS">
          <reporter-output>
          </reporter-output>
        </test-method> <!-- tearDown -->
        <test-method is-config="true" signature="setUp(java.lang.String)[pri:0, instance:com.selenium.selenium_maven.tests.LoginTest@7817fd62]" started-at="2026-01-20T19:11:16 IST" name="setUp" finished-at="2026-01-20T19:11:30 IST" duration-ms="14541" status="PASS">
          <params>
            <param index="0">
              <value>
                <![CDATA[chrome]]>
              </value>
            </param>
          </params>
          <reporter-output>
          </reporter-output>
        </test-method> <!-- setUp -->
        <test-method is-config="true" signature="initTest()[pri:0, instance:com.selenium.selenium_maven.tests.LoginTest@7817fd62]" started-at="2026-01-20T19:11:30 IST" name="initTest" finished-at="2026-01-20T19:11:31 IST" duration-ms="1275" status="PASS">
          <reporter-output>
          </reporter-output>
        </test-method> <!-- initTest -->
        <test-method signature="validateLogin(java.lang.String,java.lang.String,boolean)[pri:0, instance:com.selenium.selenium_maven.tests.LoginTest@7817fd62]" started-at="2026-01-20T19:11:31 IST" name="validateLogin" data-provider="loginData" finished-at="2026-01-20T19:11:33 IST" duration-ms="1827" status="PASS">
          <params>
            <param index="0">
              <value>
                <![CDATA[invalid1@test.com]]>
              </value>
            </param>
            <param index="1">
              <value>
                <![CDATA[wrong1]]>
              </value>
            </param>
            <param index="2">
              <value>
                <![CDATA[false]]>
              </value>
            </param>
          </params>
          <reporter-output>
          </reporter-output>
        </test-method> <!-- validateLogin -->
        <test-method is-config="true" signature="tearDown()[pri:0, instance:com.selenium.selenium_maven.tests.LoginTest@7817fd62]" started-at="2026-01-20T19:11:33 IST" name="tearDown" finished-at="2026-01-20T19:11:36 IST" duration-ms="2385" status="PASS">
          <reporter-output>
          </reporter-output>
        </test-method> <!-- tearDown -->
        <test-method is-config="true" signature="setUp(java.lang.String)[pri:0, instance:com.selenium.selenium_maven.tests.LoginTest@7817fd62]" started-at="2026-01-20T19:11:36 IST" name="setUp" finished-at="2026-01-20T19:11:50 IST" duration-ms="14660" status="PASS">
          <params>
            <param index="0">
              <value>
                <![CDATA[chrome]]>
              </value>
            </param>
          </params>
          <reporter-output>
          </reporter-output>
        </test-method> <!-- setUp -->
        <test-method is-config="true" signature="initTest()[pri:0, instance:com.selenium.selenium_maven.tests.LoginTest@7817fd62]" started-at="2026-01-20T19:11:50 IST" name="initTest" finished-at="2026-01-20T19:11:52 IST" duration-ms="1351" status="PASS">
          <reporter-output>
          </reporter-output>
        </test-method> <!-- initTest -->
        <test-method signature="validateLogin(java.lang.String,java.lang.String,boolean)[pri:0, instance:com.selenium.selenium_maven.tests.LoginTest@7817fd62]" started-at="2026-01-20T19:11:52 IST" name="validateLogin" data-provider="loginData" finished-at="2026-01-20T19:11:53 IST" duration-ms="1630" status="PASS">
          <params>
            <param index="0">
              <value>
                <![CDATA[invalid2@test.com]]>
              </value>
            </param>
            <param index="1">
              <value>
                <![CDATA[wrong2]]>
              </value>
            </param>
            <param index="2">
              <value>
                <![CDATA[false]]>
              </value>
            </param>
          </params>
          <reporter-output>
          </reporter-output>
        </test-method> <!-- validateLogin -->
        <test-method is-config="true" signature="tearDown()[pri:0, instance:com.selenium.selenium_maven.tests.LoginTest@7817fd62]" started-at="2026-01-20T19:11:53 IST" name="tearDown" finished-at="2026-01-20T19:11:55 IST" duration-ms="2049" status="PASS">
          <reporter-output>
          </reporter-output>
        </test-method> <!-- tearDown -->
        <test-method is-config="true" signature="setUp(java.lang.String)[pri:0, instance:com.selenium.selenium_maven.tests.LoginTest@7817fd62]" started-at="2026-01-20T19:11:55 IST" name="setUp" finished-at="2026-01-20T19:12:09 IST" duration-ms="13639" status="PASS">
          <params>
            <param index="0">
              <value>
                <![CDATA[chrome]]>
              </value>
            </param>
          </params>
          <reporter-output>
          </reporter-output>
        </test-method> <!-- setUp -->
        <test-method is-config="true" signature="initTest()[pri:0, instance:com.selenium.selenium_maven.tests.LoginTest@7817fd62]" started-at="2026-01-20T19:12:09 IST" name="initTest" finished-at="2026-01-20T19:12:10 IST" duration-ms="1275" status="PASS">
          <reporter-output>
          </reporter-output>
        </test-method> <!-- initTest -->
        <test-method signature="validateLogin(java.lang.String,java.lang.String,boolean)[pri:0, instance:com.selenium.selenium_maven.tests.LoginTest@7817fd62]" started-at="2026-01-20T19:12:10 IST" name="validateLogin" data-provider="loginData" finished-at="2026-01-20T19:12:12 IST" duration-ms="1656" status="PASS">
          <params>
            <param index="0">
              <value>
                <![CDATA[]]>
              </value>
            </param>
            <param index="1">
              <value>
                <![CDATA[]]>
              </value>
            </param>
            <param index="2">
              <value>
                <![CDATA[false]]>
              </value>
            </param>
          </params>
          <reporter-output>
          </reporter-output>
        </test-method> <!-- validateLogin -->
        <test-method is-config="true" signature="tearDown()[pri:0, instance:com.selenium.selenium_maven.tests.LoginTest@7817fd62]" started-at="2026-01-20T19:12:12 IST" name="tearDown" finished-at="2026-01-20T19:12:14 IST" duration-ms="2121" status="PASS">
          <reporter-output>
          </reporter-output>
        </test-method> <!-- tearDown -->
        <test-method is-config="true" signature="flushReport()[pri:0, instance:com.selenium.selenium_maven.tests.LoginTest@7817fd62]" started-at="2026-01-20T19:12:14 IST" name="flushReport" finished-at="2026-01-20T19:12:15 IST" duration-ms="754" status="PASS">
          <reporter-output>
          </reporter-output>
        </test-method> <!-- flushReport -->
      </class> <!-- com.selenium.selenium_maven.tests.LoginTest -->
      <class name="com.selenium.selenium_maven.tests.EndToEndProductTest">
        <test-method is-config="true" signature="setUp(java.lang.String)[pri:0, instance:com.selenium.selenium_maven.tests.EndToEndProductTest@bccb269]" started-at="2026-01-20T19:12:24 IST" name="setUp" finished-at="2026-01-20T19:12:34 IST" duration-ms="10059" status="PASS">
          <params>
            <param index="0">
              <value>
                <![CDATA[chrome]]>
              </value>
            </param>
          </params>
          <reporter-output>
          </reporter-output>
        </test-method> <!-- setUp -->
        <test-method signature="E2E_Product_Flow()[pri:0, instance:com.selenium.selenium_maven.tests.EndToEndProductTest@bccb269]" started-at="2026-01-20T19:12:34 IST" name="E2E_Product_Flow" finished-at="2026-01-20T19:12:41 IST" duration-ms="7465" status="PASS">
          <reporter-output>
          </reporter-output>
        </test-method> <!-- E2E_Product_Flow -->
        <test-method is-config="true" signature="tearDown()[pri:0, instance:com.selenium.selenium_maven.tests.EndToEndProductTest@bccb269]" started-at="2026-01-20T19:12:41 IST" name="tearDown" finished-at="2026-01-20T19:12:43 IST" duration-ms="1768" status="PASS">
          <reporter-output>
          </reporter-output>
        </test-method> <!-- tearDown -->
        <test-method is-config="true" signature="flushReport()[pri:0, instance:com.selenium.selenium_maven.tests.EndToEndProductTest@bccb269]" started-at="2026-01-20T19:12:43 IST" name="flushReport" finished-at="2026-01-20T19:12:43 IST" duration-ms="74" status="PASS">
          <reporter-output>
          </reporter-output>
        </test-method> <!-- flushReport -->
      </class> <!-- com.selenium.selenium_maven.tests.EndToEndProductTest -->
      <class name="com.selenium.selenium_maven.tests.SearchTest">
        <test-method is-config="true" signature="setUp()[pri:0, instance:com.selenium.selenium_maven.tests.SearchTest@66d18979]" started-at="2026-01-20T19:12:15 IST" name="setUp" finished-at="2026-01-20T19:12:22 IST" duration-ms="7432" status="PASS">
          <reporter-output>
          </reporter-output>
        </test-method> <!-- setUp -->
        <test-method signature="validateSearchFunctionality()[pri:0, instance:com.selenium.selenium_maven.tests.SearchTest@66d18979]" started-at="2026-01-20T19:12:22 IST" name="validateSearchFunctionality" finished-at="2026-01-20T19:12:23 IST" duration-ms="1283" status="PASS">
          <reporter-output>
          </reporter-output>
        </test-method> <!-- validateSearchFunctionality -->
        <test-method is-config="true" signature="tearDown()[pri:0, instance:com.selenium.selenium_maven.tests.SearchTest@66d18979]" started-at="2026-01-20T19:12:23 IST" name="tearDown" finished-at="2026-01-20T19:12:24 IST" duration-ms="366" status="PASS">
          <reporter-output>
          </reporter-output>
        </test-method> <!-- tearDown -->
      </class> <!-- com.selenium.selenium_maven.tests.SearchTest -->
    </test> <!-- UI Tests -->
  </suite> <!-- Automation Suite -->
</testng-results>
