<?xml version="1.0" encoding="UTF-8"?>
<!-- Generated by org.testng.reporters.JUnitReportReporter -->
<testsuite hostname="DESKTOP-8UU0395" failures="0" tests="4" name="com.selenium.selenium_maven.tests.LoginTest" time="61.756" errors="0" timestamp="2026-01-22T15:02:55 IST" skipped="0">
  <testcase classname="com.selenium.selenium_maven.tests.LoginTest" name="validateLogin" time="23.573"/>
  <testcase classname="com.selenium.selenium_maven.tests.LoginTest" name="validateLogin" time="9.123"/>
  <testcase classname="com.selenium.selenium_maven.tests.LoginTest" name="validateLogin" time="12.618"/>
  <testcase classname="com.selenium.selenium_maven.tests.LoginTest" name="validateLogin" time="16.442"/>
</testsuite> <!-- com.selenium.selenium_maven.tests.LoginTest -->
