<?xml version="1.0" encoding="UTF-8"?>
<!-- Generated by org.testng.reporters.JUnitReportReporter -->
<testsuite hostname="DESKTOP-8UU0395" failures="0" tests="4" name="com.selenium.selenium_maven.tests.LoginTest" time="50.551" errors="0" timestamp="2026-01-14T16:17:34 IST" skipped="0">
  <testcase classname="com.selenium.selenium_maven.tests.LoginTest" name="validateLogin" time="10.802"/>
  <testcase classname="com.selenium.selenium_maven.tests.LoginTest" name="validateLogin" time="9.353"/>
  <testcase classname="com.selenium.selenium_maven.tests.LoginTest" name="validateLogin" time="16.684"/>
  <testcase classname="com.selenium.selenium_maven.tests.LoginTest" name="validateLogin" time="13.712"/>
</testsuite> <!-- com.selenium.selenium_maven.tests.LoginTest -->
